# JRE version: OpenJDK Runtime Environment (21.0.6) (build 21.0.6+-13391695-b895.109)
# Java VM: OpenJDK 64-Bit Server VM (21.0.6+-13391695-b895.109, mixed mode, tiered, compressed oops, compressed class ptrs, g1 gc, windows-amd64)
GC Precious Log:
 CardTable entry size: 512
 Card Set container configuration: InlinePtr #cards 5 size 8 Array Of Cards #cards 12 size 40 Howl #buckets 4 coarsen threshold 1843 Howl Bitmap #cards 512 size 80 coarsen threshold 460 Card regions per heap region 1 cards per card region 2048
 CPUs: 12 total, 12 available
 Memory: 7916M
 Large Page Support: Disabled
 NUMA Support: Disabled
 Compressed Oops: Enabled (32-bit)
 Heap Region Size: 1M
 Heap Min Capacity: 256M
 Heap Initial Capacity: 256M
 Heap Max Capacity: 512M
 Pre-touch: Disabled
 Parallel Workers: 10
 Concurrent Workers: 3
 Concurrent Refinement Workers: 10
 Periodic GC: Disabled
Heap:
 garbage-first heap   total 274432K, used 155241K [0x00000000e0000000, 0x0000000100000000)
  region size 1024K, 35 young (35840K), 14 survivors (14336K)
 Metaspace       used 108984K, committed 111040K, reserved 458752K
  class space    used 14297K, committed 15296K, reserved 327680K
GC Heap History (20 events):
Event: 0.823 GC heap before
{Heap before GC invocations=1 (full 0):
 garbage-first heap   total 262144K, used 41386K [0x00000000e0000000, 0x0000000100000000)
  region size 1024K, 39 young (39936K), 3 survivors (3072K)
 Metaspace       used 12211K, committed 12480K, reserved 393216K
  class space    used 1287K, committed 1408K, reserved 327680K
}
Event: 0.827 GC heap after
{Heap after GC invocations=2 (full 0):
 garbage-first heap   total 262144K, used 11087K [0x00000000e0000000, 0x0000000100000000)
  region size 1024K, 5 young (5120K), 5 survivors (5120K)
 Metaspace       used 12211K, committed 12480K, reserved 393216K
  class space    used 1287K, committed 1408K, reserved 327680K
}
Event: 1.393 GC heap before
{Heap before GC invocations=2 (full 0):
 garbage-first heap   total 262144K, used 62287K [0x00000000e0000000, 0x0000000100000000)
  region size 1024K, 53 young (54272K), 5 survivors (5120K)
 Metaspace       used 15335K, committed 15552K, reserved 393216K
  class space    used 1701K, committed 1792K, reserved 327680K
}
Event: 1.400 GC heap after
{Heap after GC invocations=3 (full 0):
 garbage-first heap   total 262144K, used 17832K [0x00000000e0000000, 0x0000000100000000)
  region size 1024K, 7 young (7168K), 7 survivors (7168K)
 Metaspace       used 15335K, committed 15552K, reserved 393216K
  class space    used 1701K, committed 1792K, reserved 327680K
}
Event: 1.717 GC heap before
{Heap before GC invocations=3 (full 0):
 garbage-first heap   total 262144K, used 38312K [0x00000000e0000000, 0x0000000100000000)
  region size 1024K, 28 young (28672K), 7 survivors (7168K)
 Metaspace       used 21190K, committed 21504K, reserved 393216K
  class space    used 2425K, committed 2624K, reserved 327680K
}
Event: 1.722 GC heap after
{Heap after GC invocations=4 (full 0):
 garbage-first heap   total 262144K, used 19933K [0x00000000e0000000, 0x0000000100000000)
  region size 1024K, 10 young (10240K), 10 survivors (10240K)
 Metaspace       used 21190K, committed 21504K, reserved 393216K
  class space    used 2425K, committed 2624K, reserved 327680K
}
Event: 2.997 GC heap before
{Heap before GC invocations=5 (full 0):
 garbage-first heap   total 262144K, used 112093K [0x00000000e0000000, 0x0000000100000000)
  region size 1024K, 102 young (104448K), 10 survivors (10240K)
 Metaspace       used 35104K, committed 35968K, reserved 393216K
  class space    used 4710K, committed 5120K, reserved 327680K
}
Event: 3.007 GC heap after
{Heap after GC invocations=6 (full 0):
 garbage-first heap   total 262144K, used 26024K [0x00000000e0000000, 0x0000000100000000)
  region size 1024K, 15 young (15360K), 15 survivors (15360K)
 Metaspace       used 35104K, committed 35968K, reserved 393216K
  class space    used 4710K, committed 5120K, reserved 327680K
}
Event: 4.703 GC heap before
{Heap before GC invocations=7 (full 0):
 garbage-first heap   total 262144K, used 200104K [0x00000000e0000000, 0x0000000100000000)
  region size 1024K, 153 young (156672K), 15 survivors (15360K)
 Metaspace       used 51886K, committed 53248K, reserved 393216K
  class space    used 6892K, committed 7552K, reserved 327680K
}
Event: 4.721 GC heap after
{Heap after GC invocations=8 (full 0):
 garbage-first heap   total 262144K, used 69080K [0x00000000e0000000, 0x0000000100000000)
  region size 1024K, 20 young (20480K), 20 survivors (20480K)
 Metaspace       used 51886K, committed 53248K, reserved 393216K
  class space    used 6892K, committed 7552K, reserved 327680K
}
Event: 5.557 GC heap before
{Heap before GC invocations=8 (full 0):
 garbage-first heap   total 262144K, used 161240K [0x00000000e0000000, 0x0000000100000000)
  region size 1024K, 94 young (96256K), 20 survivors (20480K)
 Metaspace       used 58482K, committed 60096K, reserved 393216K
  class space    used 7878K, committed 8704K, reserved 327680K
}
Event: 5.571 GC heap after
{Heap after GC invocations=9 (full 0):
 garbage-first heap   total 262144K, used 94759K [0x00000000e0000000, 0x0000000100000000)
  region size 1024K, 9 young (9216K), 9 survivors (9216K)
 Metaspace       used 58482K, committed 60096K, reserved 393216K
  class space    used 7878K, committed 8704K, reserved 327680K
}
Event: 6.756 GC heap before
{Heap before GC invocations=10 (full 0):
 garbage-first heap   total 262144K, used 223783K [0x00000000e0000000, 0x0000000100000000)
  region size 1024K, 135 young (138240K), 9 survivors (9216K)
 Metaspace       used 74868K, committed 76608K, reserved 393216K
  class space    used 10341K, committed 11200K, reserved 327680K
}
Event: 6.762 GC heap after
{Heap after GC invocations=11 (full 0):
 garbage-first heap   total 262144K, used 96242K [0x00000000e0000000, 0x0000000100000000)
  region size 1024K, 11 young (11264K), 11 survivors (11264K)
 Metaspace       used 74868K, committed 76608K, reserved 393216K
  class space    used 10341K, committed 11200K, reserved 327680K
}
Event: 7.881 GC heap before
{Heap before GC invocations=11 (full 0):
 garbage-first heap   total 262144K, used 245746K [0x00000000e0000000, 0x0000000100000000)
  region size 1024K, 142 young (145408K), 11 survivors (11264K)
 Metaspace       used 87274K, committed 89024K, reserved 458752K
  class space    used 11764K, committed 12608K, reserved 327680K
}
Event: 7.901 GC heap after
{Heap after GC invocations=12 (full 0):
 garbage-first heap   total 274432K, used 120729K [0x00000000e0000000, 0x0000000100000000)
  region size 1024K, 18 young (18432K), 18 survivors (18432K)
 Metaspace       used 87274K, committed 89024K, reserved 458752K
  class space    used 11764K, committed 12608K, reserved 327680K
}
Event: 8.645 GC heap before
{Heap before GC invocations=12 (full 0):
 garbage-first heap   total 274432K, used 211865K [0x00000000e0000000, 0x0000000100000000)
  region size 1024K, 108 young (110592K), 18 survivors (18432K)
 Metaspace       used 99063K, committed 101120K, reserved 458752K
  class space    used 13150K, committed 14144K, reserved 327680K
}
Event: 8.660 GC heap after
{Heap after GC invocations=13 (full 0):
 garbage-first heap   total 274432K, used 129048K [0x00000000e0000000, 0x0000000100000000)
  region size 1024K, 7 young (7168K), 7 survivors (7168K)
 Metaspace       used 99063K, committed 101120K, reserved 458752K
  class space    used 13150K, committed 14144K, reserved 327680K
}
Event: 9.601 GC heap before
{Heap before GC invocations=14 (full 0):
 garbage-first heap   total 274432K, used 242712K [0x00000000e0000000, 0x0000000100000000)
  region size 1024K, 118 young (120832K), 7 survivors (7168K)
 Metaspace       used 107173K, committed 109248K, reserved 458752K
  class space    used 14127K, committed 15168K, reserved 327680K
}
Event: 9.609 GC heap after
{Heap after GC invocations=15 (full 0):
 garbage-first heap   total 274432K, used 134761K [0x00000000e0000000, 0x0000000100000000)
  region size 1024K, 14 young (14336K), 14 survivors (14336K)
 Metaspace       used 107173K, committed 109248K, reserved 458752K
  class space    used 14127K, committed 15168K, reserved 327680K
}

