# JRE version: OpenJDK Runtime Environment (21.0.6) (build 21.0.6+-13391695-b895.109)
# Java VM: OpenJDK 64-Bit Server VM (21.0.6+-13391695-b895.109, mixed mode, tiered, compressed oops, compressed class ptrs, g1 gc, windows-amd64)
GC Precious Log:
 CardTable entry size: 512
 Card Set container configuration: InlinePtr #cards 5 size 8 Array Of Cards #cards 12 size 40 Howl #buckets 4 coarsen threshold 1843 Howl Bitmap #cards 512 size 80 coarsen threshold 460 Card regions per heap region 1 cards per card region 2048
 CPUs: 12 total, 12 available
 Memory: 7916M
 Large Page Support: Disabled
 NUMA Support: Disabled
 Compressed Oops: Enabled (32-bit)
 Heap Region Size: 1M
 Heap Min Capacity: 256M
 Heap Initial Capacity: 256M
 Heap Max Capacity: 512M
 Pre-touch: Disabled
 Parallel Workers: 10
 Concurrent Workers: 3
 Concurrent Refinement Workers: 10
 Periodic GC: Disabled
Heap:
 garbage-first heap   total 273408K, used 147837K [0x00000000e0000000, 0x0000000100000000)
  region size 1024K, 29 young (29696K), 14 survivors (14336K)
 Metaspace       used 108507K, committed 110592K, reserved 458752K
  class space    used 14264K, committed 15296K, reserved 327680K
GC Heap History (20 events):
Event: 0.680 GC heap before
{Heap before GC invocations=1 (full 0):
 garbage-first heap   total 262144K, used 41333K [0x00000000e0000000, 0x0000000100000000)
  region size 1024K, 39 young (39936K), 3 survivors (3072K)
 Metaspace       used 12176K, committed 12416K, reserved 393216K
  class space    used 1286K, committed 1408K, reserved 327680K
}
Event: 0.685 GC heap after
{Heap after GC invocations=2 (full 0):
 garbage-first heap   total 262144K, used 10692K [0x00000000e0000000, 0x0000000100000000)
  region size 1024K, 5 young (5120K), 5 survivors (5120K)
 Metaspace       used 12176K, committed 12416K, reserved 393216K
  class space    used 1286K, committed 1408K, reserved 327680K
}
Event: 1.098 GC heap before
{Heap before GC invocations=2 (full 0):
 garbage-first heap   total 262144K, used 62916K [0x00000000e0000000, 0x0000000100000000)
  region size 1024K, 54 young (55296K), 5 survivors (5120K)
 Metaspace       used 15721K, committed 16000K, reserved 393216K
  class space    used 1751K, committed 1920K, reserved 327680K
}
Event: 1.104 GC heap after
{Heap after GC invocations=3 (full 0):
 garbage-first heap   total 262144K, used 17519K [0x00000000e0000000, 0x0000000100000000)
  region size 1024K, 7 young (7168K), 7 survivors (7168K)
 Metaspace       used 15721K, committed 16000K, reserved 393216K
  class space    used 1751K, committed 1920K, reserved 327680K
}
Event: 1.500 GC heap before
{Heap before GC invocations=3 (full 0):
 garbage-first heap   total 262144K, used 36975K [0x00000000e0000000, 0x0000000100000000)
  region size 1024K, 27 young (27648K), 7 survivors (7168K)
 Metaspace       used 21181K, committed 21504K, reserved 393216K
  class space    used 2422K, committed 2624K, reserved 327680K
}
Event: 1.505 GC heap after
{Heap after GC invocations=4 (full 0):
 garbage-first heap   total 262144K, used 19849K [0x00000000e0000000, 0x0000000100000000)
  region size 1024K, 10 young (10240K), 10 survivors (10240K)
 Metaspace       used 21181K, committed 21504K, reserved 393216K
  class space    used 2422K, committed 2624K, reserved 327680K
}
Event: 3.426 GC heap before
{Heap before GC invocations=5 (full 0):
 garbage-first heap   total 262144K, used 110985K [0x00000000e0000000, 0x0000000100000000)
  region size 1024K, 101 young (103424K), 10 survivors (10240K)
 Metaspace       used 35113K, committed 35968K, reserved 393216K
  class space    used 4708K, committed 5120K, reserved 327680K
}
Event: 3.437 GC heap after
{Heap after GC invocations=6 (full 0):
 garbage-first heap   total 262144K, used 26143K [0x00000000e0000000, 0x0000000100000000)
  region size 1024K, 16 young (16384K), 16 survivors (16384K)
 Metaspace       used 35113K, committed 35968K, reserved 393216K
  class space    used 4708K, committed 5120K, reserved 327680K
}
Event: 4.987 GC heap before
{Heap before GC invocations=7 (full 0):
 garbage-first heap   total 262144K, used 199199K [0x00000000e0000000, 0x0000000100000000)
  region size 1024K, 153 young (156672K), 16 survivors (16384K)
 Metaspace       used 51705K, committed 53056K, reserved 393216K
  class space    used 6871K, committed 7552K, reserved 327680K
}
Event: 5.005 GC heap after
{Heap after GC invocations=8 (full 0):
 garbage-first heap   total 262144K, used 69080K [0x00000000e0000000, 0x0000000100000000)
  region size 1024K, 20 young (20480K), 20 survivors (20480K)
 Metaspace       used 51705K, committed 53056K, reserved 393216K
  class space    used 6871K, committed 7552K, reserved 327680K
}
Event: 5.918 GC heap before
{Heap before GC invocations=8 (full 0):
 garbage-first heap   total 262144K, used 162264K [0x00000000e0000000, 0x0000000100000000)
  region size 1024K, 95 young (97280K), 20 survivors (20480K)
 Metaspace       used 58457K, committed 60096K, reserved 393216K
  class space    used 7871K, committed 8704K, reserved 327680K
}
Event: 5.933 GC heap after
{Heap after GC invocations=9 (full 0):
 garbage-first heap   total 262144K, used 94939K [0x00000000e0000000, 0x0000000100000000)
  region size 1024K, 9 young (9216K), 9 survivors (9216K)
 Metaspace       used 58457K, committed 60096K, reserved 393216K
  class space    used 7871K, committed 8704K, reserved 327680K
}
Event: 7.382 GC heap before
{Heap before GC invocations=10 (full 0):
 garbage-first heap   total 262144K, used 223963K [0x00000000e0000000, 0x0000000100000000)
  region size 1024K, 135 young (138240K), 9 survivors (9216K)
 Metaspace       used 74881K, committed 76608K, reserved 393216K
  class space    used 10341K, committed 11200K, reserved 327680K
}
Event: 7.389 GC heap after
{Heap after GC invocations=11 (full 0):
 garbage-first heap   total 262144K, used 96188K [0x00000000e0000000, 0x0000000100000000)
  region size 1024K, 11 young (11264K), 11 survivors (11264K)
 Metaspace       used 74881K, committed 76608K, reserved 393216K
  class space    used 10341K, committed 11200K, reserved 327680K
}
Event: 8.932 GC heap before
{Heap before GC invocations=11 (full 0):
 garbage-first heap   total 262144K, used 243644K [0x00000000e0000000, 0x0000000100000000)
  region size 1024K, 141 young (144384K), 11 survivors (11264K)
 Metaspace       used 87160K, committed 88960K, reserved 458752K
  class space    used 11755K, committed 12608K, reserved 327680K
}
Event: 8.954 GC heap after
{Heap after GC invocations=12 (full 0):
 garbage-first heap   total 273408K, used 120286K [0x00000000e0000000, 0x0000000100000000)
  region size 1024K, 18 young (18432K), 18 survivors (18432K)
 Metaspace       used 87160K, committed 88960K, reserved 458752K
  class space    used 11755K, committed 12608K, reserved 327680K
}
Event: 10.099 GC heap before
{Heap before GC invocations=12 (full 0):
 garbage-first heap   total 273408K, used 212446K [0x00000000e0000000, 0x0000000100000000)
  region size 1024K, 109 young (111616K), 18 survivors (18432K)
 Metaspace       used 99066K, committed 101120K, reserved 458752K
  class space    used 13154K, committed 14208K, reserved 327680K
}
Event: 10.115 GC heap after
{Heap after GC invocations=13 (full 0):
 garbage-first heap   total 273408K, used 127901K [0x00000000e0000000, 0x0000000100000000)
  region size 1024K, 7 young (7168K), 7 survivors (7168K)
 Metaspace       used 99066K, committed 101120K, reserved 458752K
  class space    used 13154K, committed 14208K, reserved 327680K
}
Event: 11.658 GC heap before
{Heap before GC invocations=14 (full 0):
 garbage-first heap   total 273408K, used 241565K [0x00000000e0000000, 0x0000000100000000)
  region size 1024K, 118 young (120832K), 7 survivors (7168K)
 Metaspace       used 107180K, committed 109248K, reserved 458752K
  class space    used 14132K, committed 15168K, reserved 327680K
}
Event: 11.666 GC heap after
{Heap after GC invocations=15 (full 0):
 garbage-first heap   total 273408K, used 133501K [0x00000000e0000000, 0x0000000100000000)
  region size 1024K, 14 young (14336K), 14 survivors (14336K)
 Metaspace       used 107180K, committed 109248K, reserved 458752K
  class space    used 14132K, committed 15168K, reserved 327680K
}

