# JRE version: OpenJDK Runtime Environment (21.0.6) (build 21.0.6+-13391695-b895.109)
# Java VM: OpenJDK 64-Bit Server VM (21.0.6+-13391695-b895.109, mixed mode, tiered, compressed oops, compressed class ptrs, g1 gc, windows-amd64)
GC Precious Log:
 CardTable entry size: 512
 Card Set container configuration: InlinePtr #cards 5 size 8 Array Of Cards #cards 12 size 40 Howl #buckets 4 coarsen threshold 1843 Howl Bitmap #cards 512 size 80 coarsen threshold 460 Card regions per heap region 1 cards per card region 2048
 CPUs: 12 total, 12 available
 Memory: 7916M
 Large Page Support: Disabled
 NUMA Support: Disabled
 Compressed Oops: Enabled (32-bit)
 Heap Region Size: 1M
 Heap Min Capacity: 256M
 Heap Initial Capacity: 256M
 Heap Max Capacity: 512M
 Pre-touch: Disabled
 Parallel Workers: 10
 Concurrent Workers: 3
 Concurrent Refinement Workers: 10
 Periodic GC: Disabled
Heap:
 garbage-first heap   total 274432K, used 206088K [0x00000000e0000000, 0x0000000100000000)
  region size 1024K, 84 young (86016K), 7 survivors (7168K)
 Metaspace       used 102774K, committed 104832K, reserved 458752K
  class space    used 13590K, committed 14592K, reserved 327680K
GC Heap History (20 events):
Event: 0.319 GC heap before
{Heap before GC invocations=0 (full 0):
 garbage-first heap   total 262144K, used 22528K [0x00000000e0000000, 0x0000000100000000)
  region size 1024K, 23 young (23552K), 0 survivors (0K)
 Metaspace       used 7972K, committed 8128K, reserved 393216K
  class space    used 712K, committed 768K, reserved 327680K
}
Event: 0.322 GC heap after
{Heap after GC invocations=1 (full 0):
 garbage-first heap   total 262144K, used 2581K [0x00000000e0000000, 0x0000000100000000)
  region size 1024K, 3 young (3072K), 3 survivors (3072K)
 Metaspace       used 7972K, committed 8128K, reserved 393216K
  class space    used 712K, committed 768K, reserved 327680K
}
Event: 0.698 GC heap before
{Heap before GC invocations=1 (full 0):
 garbage-first heap   total 262144K, used 41493K [0x00000000e0000000, 0x0000000100000000)
  region size 1024K, 39 young (39936K), 3 survivors (3072K)
 Metaspace       used 12188K, committed 12416K, reserved 393216K
  class space    used 1286K, committed 1408K, reserved 327680K
}
Event: 0.702 GC heap after
{Heap after GC invocations=2 (full 0):
 garbage-first heap   total 262144K, used 10939K [0x00000000e0000000, 0x0000000100000000)
  region size 1024K, 5 young (5120K), 5 survivors (5120K)
 Metaspace       used 12188K, committed 12416K, reserved 393216K
  class space    used 1286K, committed 1408K, reserved 327680K
}
Event: 1.160 GC heap before
{Heap before GC invocations=2 (full 0):
 garbage-first heap   total 262144K, used 63163K [0x00000000e0000000, 0x0000000100000000)
  region size 1024K, 54 young (55296K), 5 survivors (5120K)
 Metaspace       used 15700K, committed 16000K, reserved 393216K
  class space    used 1750K, committed 1920K, reserved 327680K
}
Event: 1.165 GC heap after
{Heap after GC invocations=3 (full 0):
 garbage-first heap   total 262144K, used 18027K [0x00000000e0000000, 0x0000000100000000)
  region size 1024K, 6 young (6144K), 6 survivors (6144K)
 Metaspace       used 15700K, committed 16000K, reserved 393216K
  class space    used 1750K, committed 1920K, reserved 327680K
}
Event: 1.474 GC heap before
{Heap before GC invocations=3 (full 0):
 garbage-first heap   total 262144K, used 37483K [0x00000000e0000000, 0x0000000100000000)
  region size 1024K, 26 young (26624K), 6 survivors (6144K)
 Metaspace       used 21193K, committed 21504K, reserved 393216K
  class space    used 2423K, committed 2624K, reserved 327680K
}
Event: 1.478 GC heap after
{Heap after GC invocations=4 (full 0):
 garbage-first heap   total 262144K, used 20075K [0x00000000e0000000, 0x0000000100000000)
  region size 1024K, 8 young (8192K), 8 survivors (8192K)
 Metaspace       used 21193K, committed 21504K, reserved 393216K
  class space    used 2423K, committed 2624K, reserved 327680K
}
Event: 3.080 GC heap before
{Heap before GC invocations=5 (full 0):
 garbage-first heap   total 262144K, used 113259K [0x00000000e0000000, 0x0000000100000000)
  region size 1024K, 101 young (103424K), 8 survivors (8192K)
 Metaspace       used 35091K, committed 35968K, reserved 393216K
  class space    used 4706K, committed 5120K, reserved 327680K
}
Event: 3.090 GC heap after
{Heap after GC invocations=6 (full 0):
 garbage-first heap   total 262144K, used 26056K [0x00000000e0000000, 0x0000000100000000)
  region size 1024K, 14 young (14336K), 14 survivors (14336K)
 Metaspace       used 35091K, committed 35968K, reserved 393216K
  class space    used 4706K, committed 5120K, reserved 327680K
}
Event: 5.167 GC heap before
{Heap before GC invocations=7 (full 0):
 garbage-first heap   total 262144K, used 201160K [0x00000000e0000000, 0x0000000100000000)
  region size 1024K, 153 young (156672K), 14 survivors (14336K)
 Metaspace       used 51961K, committed 53376K, reserved 393216K
  class space    used 6911K, committed 7616K, reserved 327680K
}
Event: 5.189 GC heap after
{Heap after GC invocations=8 (full 0):
 garbage-first heap   total 262144K, used 69084K [0x00000000e0000000, 0x0000000100000000)
  region size 1024K, 20 young (20480K), 20 survivors (20480K)
 Metaspace       used 51961K, committed 53376K, reserved 393216K
  class space    used 6911K, committed 7616K, reserved 327680K
}
Event: 6.223 GC heap before
{Heap before GC invocations=8 (full 0):
 garbage-first heap   total 262144K, used 161244K [0x00000000e0000000, 0x0000000100000000)
  region size 1024K, 94 young (96256K), 20 survivors (20480K)
 Metaspace       used 58435K, committed 60096K, reserved 393216K
  class space    used 7864K, committed 8704K, reserved 327680K
}
Event: 6.237 GC heap after
{Heap after GC invocations=9 (full 0):
 garbage-first heap   total 262144K, used 95232K [0x00000000e0000000, 0x0000000100000000)
  region size 1024K, 9 young (9216K), 9 survivors (9216K)
 Metaspace       used 58435K, committed 60096K, reserved 393216K
  class space    used 7864K, committed 8704K, reserved 327680K
}
Event: 7.891 GC heap before
{Heap before GC invocations=10 (full 0):
 garbage-first heap   total 262144K, used 225280K [0x00000000e0000000, 0x0000000100000000)
  region size 1024K, 136 young (139264K), 9 survivors (9216K)
 Metaspace       used 75064K, committed 76800K, reserved 458752K
  class space    used 10362K, committed 11200K, reserved 327680K
}
Event: 7.898 GC heap after
{Heap after GC invocations=11 (full 0):
 garbage-first heap   total 262144K, used 96256K [0x00000000e0000000, 0x0000000100000000)
  region size 1024K, 11 young (11264K), 11 survivors (11264K)
 Metaspace       used 75064K, committed 76800K, reserved 458752K
  class space    used 10362K, committed 11200K, reserved 327680K
}
Event: 9.094 GC heap before
{Heap before GC invocations=11 (full 0):
 garbage-first heap   total 262144K, used 244736K [0x00000000e0000000, 0x0000000100000000)
  region size 1024K, 142 young (145408K), 11 survivors (11264K)
 Metaspace       used 87292K, committed 89024K, reserved 458752K
  class space    used 11763K, committed 12608K, reserved 327680K
}
Event: 9.114 GC heap after
{Heap after GC invocations=12 (full 0):
 garbage-first heap   total 274432K, used 120213K [0x00000000e0000000, 0x0000000100000000)
  region size 1024K, 18 young (18432K), 18 survivors (18432K)
 Metaspace       used 87292K, committed 89024K, reserved 458752K
  class space    used 11763K, committed 12608K, reserved 327680K
}
Event: 10.009 GC heap before
{Heap before GC invocations=12 (full 0):
 garbage-first heap   total 274432K, used 211349K [0x00000000e0000000, 0x0000000100000000)
  region size 1024K, 108 young (110592K), 18 survivors (18432K)
 Metaspace       used 99125K, committed 101120K, reserved 458752K
  class space    used 13158K, committed 14144K, reserved 327680K
}
Event: 10.024 GC heap after
{Heap after GC invocations=13 (full 0):
 garbage-first heap   total 274432K, used 128264K [0x00000000e0000000, 0x0000000100000000)
  region size 1024K, 7 young (7168K), 7 survivors (7168K)
 Metaspace       used 99125K, committed 101120K, reserved 458752K
  class space    used 13158K, committed 14144K, reserved 327680K
}

